\BOOKMARK [1][-]{section.1}{\376\377\000I\000n\000t\000r\000o\000d\000u\000c\000t\000i\000o\000n}{}% 1
\BOOKMARK [1][-]{section.2}{\376\377\000T\000h\000e\000o\000r\000y}{}% 2
\BOOKMARK [2][-]{subsection.2.1}{\376\377\000T\000h\000e\000o\000r\000e\000t\000i\000c\000a\000l\000\040\000E\000x\000p\000e\000c\000t\000a\000t\000i\000o\000n\000s}{section.2}% 3
\BOOKMARK [2][-]{subsection.2.2}{\376\377\000C\000a\000s\000e\000:\000\040\000J\000a\000p\000a\000n\000'\000s\000\040\000M\000i\000x\000e\000d\000-\000M\000e\000m\000b\000e\000r\000\040\000M\000a\000j\000o\000r\000i\000t\000a\000r\000i\000a\000n\000\040\000S\000y\000s\000t\000e\000m}{section.2}% 4
\BOOKMARK [1][-]{section.3}{\376\377\000D\000a\000t\000a\000\040\000a\000n\000d\000\040\000M\000e\000t\000h\000o\000d}{}% 5
\BOOKMARK [1][-]{section.4}{\376\377\000R\000e\000s\000u\000l\000t}{}% 6
\BOOKMARK [2][-]{subsection.4.1}{\376\377\000A\000g\000g\000r\000e\000g\000a\000t\000e\000-\000L\000e\000v\000e\000l\000\040\000A\000n\000a\000l\000y\000s\000i\000s}{section.4}% 7
\BOOKMARK [2][-]{subsection.4.2}{\376\377\000P\000a\000r\000t\000y\000-\000S\000p\000e\000c\000i\000f\000i\000c\000\040\000A\000n\000a\000l\000y\000s\000i\000s}{section.4}% 8
\BOOKMARK [2][-]{subsection.4.3}{\376\377\000E\000l\000e\000c\000t\000i\000o\000n\000-\000\040\000/\000\040\000P\000a\000r\000t\000y\000-\000S\000p\000e\000c\000i\000f\000i\000c\000\040\000A\000n\000a\000l\000y\000s\000i\000s}{section.4}% 9
\BOOKMARK [1][-]{section.5}{\376\377\000D\000i\000s\000c\000u\000s\000s\000i\000o\000n}{}% 10
\BOOKMARK [2][-]{subsection.5.1}{\376\377\000L\000e\000g\000i\000s\000l\000a\000t\000i\000v\000e\000\040\000T\000u\000r\000n\000o\000v\000e\000r}{section.5}% 11
\BOOKMARK [2][-]{subsection.5.2}{\376\377\000R\000e\000p\000r\000e\000s\000e\000n\000t\000a\000t\000i\000o\000n}{section.5}% 12
\BOOKMARK [1][-]{section.6}{\376\377\000C\000o\000n\000c\000l\000u\000s\000i\000o\000n}{}% 13
\BOOKMARK [1][-]{section.7}{\376\377\000B\000i\000b\000l\000i\000o\000g\000r\000a\000p\000h\000y}{}% 14
\BOOKMARK [1][-]{appendix.A}{\376\377\000S\000u\000m\000m\000a\000r\000y\000\040\000S\000t\000a\000t\000i\000s\000t\000i\000c\000s}{}% 15
\BOOKMARK [2][-]{subsection.A.1}{\376\377\000C\000a\000n\000d\000i\000d\000a\000t\000e\000-\000L\000e\000v\000e\000l\000\040\000S\000u\000m\000m\000a\000r\000y\000\040\000S\000t\000a\000t\000i\000s\000t\000i\000c\000s}{appendix.A}% 16
\BOOKMARK [2][-]{subsection.A.2}{\376\377\000M\000a\000g\000n\000i\000t\000u\000d\000e\000s\000\040\000o\000f\000\040\000P\000R\000\040\000B\000l\000o\000c\000k\000s\000,\000\040\0001\0009\0009\0006\000\040\000-\000\040\0002\0000\0002\0001}{appendix.A}% 17
\BOOKMARK [2][-]{subsection.A.3}{\376\377\000D\000i\000s\000t\000r\000i\000b\000u\000t\000i\000o\000n\000\040\000o\000f\000\040\000L\000i\000s\000t\000\040\000R\000a\000n\000k}{appendix.A}% 18
\BOOKMARK [2][-]{subsection.A.4}{\376\377\000A\000g\000e\000\040\000o\000f\000\040\000W\000i\000n\000n\000e\000r\000s}{appendix.A}% 19
\BOOKMARK [1][-]{appendix.B}{\376\377\000A\000d\000d\000i\000t\000i\000o\000n\000a\000l\000\040\000A\000n\000a\000l\000y\000s\000e\000s}{}% 20
\BOOKMARK [2][-]{subsection.B.1}{\376\377\000A\000g\000g\000r\000e\000g\000a\000t\000e\000-\000l\000e\000v\000e\000l\000\040\000R\000e\000g\000r\000e\000s\000s\000i\000o\000n\000\040\000T\000a\000b\000l\000e}{appendix.B}% 21
\BOOKMARK [2][-]{subsection.B.2}{\376\377\000P\000a\000r\000t\000y\000-\000l\000e\000v\000e\000l\000\040\000A\000n\000a\000l\000y\000s\000i\000s}{appendix.B}% 22
